<?xml version="1.0" encoding="UTF-8"?>
<!-- Generated by org.testng.reporters.JUnitReportReporter -->
<testsuite hostname="DESKTOP-9LN3PKI" failures="0" tests="1" name="appiumTest.endToEndEcommereceHybrid" time="35.814" errors="0" timestamp="2023-11-12T11:01:52 PKT" skipped="0">
  <testcase classname="appiumTest.endToEndEcommereceHybrid" name="fillForm" time="35.814"/>
</testsuite> <!-- appiumTest.endToEndEcommereceHybrid -->
