<?xml version="1.0" encoding="UTF-8"?>
<!-- Generated by org.testng.reporters.JUnitReportReporter -->
<testsuite hostname="DESKTOP-9LN3PKI" failures="0" tests="1" name="baseComponentsFramework3.BaseTest" time="29.274" errors="0" timestamp="2023-10-16T22:24:58 PKT" skipped="0">
  <testcase classname="baseComponentsFramework3.BaseTest" name="initializeDriver" time="29.274"/>
</testsuite> <!-- baseComponentsFramework3.BaseTest -->
