<?xml version="1.0" encoding="UTF-8"?>
<!-- Generated by org.testng.reporters.JUnitReportReporter -->
<testsuite hostname="DESKTOP-9LN3PKI" failures="0" tests="1" name="maven.automation.project.automationProject.CapturingHeightandWeidth" time="8.158" errors="0" timestamp="2023-10-14T08:57:43 PKT" skipped="0">
  <testcase classname="maven.automation.project.automationProject.CapturingHeightandWeidth" name="test" time="8.158"/>
</testsuite> <!-- maven.automation.project.automationProject.CapturingHeightandWeidth -->
