<?xml version="1.0" encoding="UTF-8"?>
<!-- Generated by org.testng.reporters.JUnitReportReporter -->
<testsuite hostname="DESKTOP-9LN3PKI" failures="0" tests="2" name="maven.automation.project.automationProject.StreamPractice" time="0.019" errors="0" timestamp="2023-10-12T15:22:14 PKT" skipped="0">
  <testcase classname="maven.automation.project.automationProject.StreamPractice" name="streamFilter" time="0.006"/>
  <testcase classname="maven.automation.project.automationProject.StreamPractice" name="regular" time="0.013"/>
</testsuite> <!-- maven.automation.project.automationProject.StreamPractice -->
