<?xml version="1.0" encoding="UTF-8"?>
<!-- Generated by org.testng.reporters.JUnitReportReporter -->
<testsuite hostname="DESKTOP-9LN3PKI" failures="0" tests="2" name="maven.automation.project.automationPractice.StreamPractice" time="0.020" errors="0" timestamp="2023-10-14T18:51:43 PKT" skipped="0">
  <testcase classname="maven.automation.project.automationPractice.StreamPractice" name="streamFilter" time="0.006"/>
  <testcase classname="maven.automation.project.automationPractice.StreamPractice" name="regular" time="0.014"/>
</testsuite> <!-- maven.automation.project.automationPractice.StreamPractice -->
