<?xml version="1.0" encoding="UTF-8"?>
<!-- Generated by org.testng.reporters.JUnitReportReporter -->
<testsuite hostname="DESKTOP-9LN3PKI" failures="0" tests="1" name="appiumTest.ScrollDemo" time="47.914" errors="0" timestamp="2023-11-10T09:10:37 PKT" skipped="0">
  <testcase classname="appiumTest.ScrollDemo" name="longClickGesture" time="47.914"/>
</testsuite> <!-- appiumTest.ScrollDemo -->
