<?xml version="1.0" encoding="UTF-8"?>
<!-- Generated by org.testng.reporters.JUnitReportReporter -->
<testsuite hostname="DESKTOP-9LN3PKI" failures="0" tests="1" name="appiumTest.appiumFrameworkTest.FormErrorValidation" time="29.194" errors="0" timestamp="2023-11-14T12:07:13 PKT" skipped="0">
  <testcase classname="appiumTest.appiumFrameworkTest.FormErrorValidation" name="fillForm" time="29.194"/>
</testsuite> <!-- appiumTest.appiumFrameworkTest.FormErrorValidation -->
