<?xml version="1.0" encoding="UTF-8"?>
<!-- Generated by org.testng.reporters.JUnitReportReporter -->
<testsuite hostname="DESKTOP-9LN3PKI" failures="0" tests="2" name="appiumTest.appiumFrameworkTest.DataDrivenEndToEnd" time="92.983" errors="0" timestamp="2023-11-14T09:36:41 PKT" skipped="0">
  <testcase classname="appiumTest.appiumFrameworkTest.DataDrivenEndToEnd" name="fillForm" time="14.265"/>
  <testcase classname="appiumTest.appiumFrameworkTest.DataDrivenEndToEnd" name="fillForm" time="78.718"/>
</testsuite> <!-- appiumTest.appiumFrameworkTest.DataDrivenEndToEnd -->
