<?xml version="1.0" encoding="UTF-8"?>
<!-- Generated by org.testng.reporters.JUnitReportReporter -->
<testsuite hostname="DESKTOP-9LN3PKI" failures="0" tests="1" name="frameworkPart1.StreamProductList" time="33.060" errors="0" timestamp="2023-10-15T15:08:31 PKT" skipped="0">
  <testcase classname="frameworkPart1.StreamProductList" name="standAloneTest" time="33.060"/>
</testsuite> <!-- frameworkPart1.StreamProductList -->
