<?xml version="1.0" encoding="UTF-8"?>
<!-- Generated by org.testng.reporters.JUnitReportReporter -->
<testsuite hostname="DESKTOP-9LN3PKI" failures="0" tests="1" name="maven.automation.project.automationProject.ParacticalStreamPrac" time="10.382" errors="0" timestamp="2023-10-12T22:29:06 PKT" skipped="0">
  <testcase classname="maven.automation.project.automationProject.ParacticalStreamPrac" name="streamPrac" time="10.382"/>
</testsuite> <!-- maven.automation.project.automationProject.ParacticalStreamPrac -->
