<?xml version="1.0" encoding="UTF-8"?>
<!-- Generated by org.testng.reporters.JUnitReportReporter -->
<testsuite hostname="DESKTOP-9LN3PKI" failures="0" tests="1" name="appiumTest.SwipeDragandDrop" time="14.821" errors="0" timestamp="2023-11-10T10:44:23 PKT" skipped="0">
  <testcase classname="appiumTest.SwipeDragandDrop" name="swipeGestureandDragandDrop" time="14.821"/>
</testsuite> <!-- appiumTest.SwipeDragandDrop -->
