<?xml version="1.0" encoding="UTF-8"?>
<!-- Generated by org.testng.reporters.JUnitReportReporter -->
<testsuite hostname="DESKTOP-9LN3PKI" failures="0" tests="1" name="appiumTest.LongClickGesture" time="12.409" errors="0" timestamp="2023-11-09T21:32:50 PKT" skipped="0">
  <testcase classname="appiumTest.LongClickGesture" name="longClickGesture" time="12.409"/>
</testsuite> <!-- appiumTest.LongClickGesture -->
