<?xml version="1.0" encoding="UTF-8"?>
<!-- Generated by org.testng.reporters.JUnitReportReporter -->
<testsuite hostname="DESKTOP-9LN3PKI" failures="0" tests="1" name="gridServer.GoogleTest" time="5.645" errors="0" timestamp="2023-11-03T12:36:49 PKT" skipped="0">
  <testcase classname="gridServer.GoogleTest" name="HomePageCheck" time="5.645"/>
</testsuite> <!-- gridServer.GoogleTest -->
