<?xml version="1.0" encoding="UTF-8"?>
<!-- Generated by org.testng.reporters.JUnitReportReporter -->
<testsuite hostname="DESKTOP-9LN3PKI" failures="0" tests="1" name="maven.automation.project.automationProject.RelativeLocationsSel4" time="6.079" errors="0" timestamp="2023-10-13T08:52:16 PKT" skipped="0">
  <testcase classname="maven.automation.project.automationProject.RelativeLocationsSel4" name="locatorPr" time="6.079"/>
</testsuite> <!-- maven.automation.project.automationProject.RelativeLocationsSel4 -->
