<?xml version="1.0" encoding="UTF-8"?>
<!-- Generated by org.testng.reporters.JUnitReportReporter -->
<testsuite hostname="DESKTOP-9LN3PKI" failures="0" tests="1" name="appiumTest.endToEndEcommerece" time="37.301" errors="0" timestamp="2023-11-10T23:02:32 PKT" skipped="0">
  <testcase classname="appiumTest.endToEndEcommerece" name="fillForm" time="37.301"/>
</testsuite> <!-- appiumTest.endToEndEcommerece -->
