<?xml version="1.0" encoding="UTF-8"?>
<!-- Generated by org.testng.reporters.JUnitReportReporter -->
<testsuite hostname="DESKTOP-9LN3PKI" failures="0" tests="1" name="frameworkPart2.StreamProductList" time="24.898" errors="0" timestamp="2023-10-15T21:47:18 PKT" skipped="0">
  <testcase classname="frameworkPart2.StreamProductList" name="standAloneTest" time="24.898"/>
</testsuite> <!-- frameworkPart2.StreamProductList -->
