<?xml version="1.0" encoding="UTF-8"?>
<!-- Generated by org.testng.reporters.JUnitReportReporter -->
<testsuite hostname="DESKTOP-9LN3PKI" failures="0" tests="1" name="maven.automation.project.automationProject.RelLocSel4andMultipleWindow" time="7.098" errors="0" timestamp="2023-10-13T09:28:24 PKT" skipped="0">
  <testcase classname="maven.automation.project.automationProject.RelLocSel4andMultipleWindow" name="locatorPr" time="7.098"/>
</testsuite> <!-- maven.automation.project.automationProject.RelLocSel4andMultipleWindow -->
