<?xml version="1.0" encoding="UTF-8"?>
<!-- Generated by org.testng.reporters.JUnitReportReporter -->
<testsuite hostname="DESKTOP-9LN3PKI" failures="0" tests="2" name="frameworkPart3.SendingDataInHashMap" time="42.977" errors="0" timestamp="2023-11-02T13:00:45 PKT" skipped="0">
  <testcase classname="frameworkPart3.SendingDataInHashMap" name="standAloneTest" time="18.780"/>
  <testcase classname="frameworkPart3.SendingDataInHashMap" name="standAloneTest" time="24.197"/>
</testsuite> <!-- frameworkPart3.SendingDataInHashMap -->
